<?xml version="1.0" encoding="UTF-8"?>
<!-- Generated by org.testng.reporters.JUnitXMLReporter -->
<testsuite ignored="2" hostname="IN-PG02P68M" failures="7" tests="7" name="RedBus Tests" time="0.708" errors="0" timestamp="2024-04-20T14:03:04 IST">
  <testcase classname="com.redbus.test.RedBusHomeTest" name="verifyHelpPage" time="0.09">
    <failure type="java.lang.NullPointerException" message="Cannot invoke &amp;quot;com.aventstack.extentreports.ExtentReports.createTest(String)&amp;quot; because &amp;quot;com.redbus.test.RedBusHomeTest.extent&amp;quot; is null">
      <![CDATA[java.lang.NullPointerException: Cannot invoke "com.aventstack.extentreports.ExtentReports.createTest(String)" because "com.redbus.test.RedBusHomeTest.extent" is null
at com.redbus.test.RedBusHomeTest.verifyHelpPage(RedBusHomeTest.java:65)
at java.base/java.util.concurrent.ThreadPoolExecutor.runWorker(ThreadPoolExecutor.java:1136)
at java.base/java.util.concurrent.ThreadPoolExecutor$Worker.run(ThreadPoolExecutor.java:635)
at java.base/java.lang.Thread.run(Thread.java:840)
... Removed 12 stack frames]]>
    </failure>
  </testcase> <!-- verifyHelpPage -->
  <testcase classname="com.redbus.test.RedBusHomeTest" name="verifyHomePageDeafault" time="0.002">
    <failure type="java.lang.NullPointerException" message="Cannot invoke &amp;quot;com.aventstack.extentreports.ExtentReports.createTest(String)&amp;quot; because &amp;quot;com.redbus.test.RedBusHomeTest.extent&amp;quot; is null">
      <![CDATA[java.lang.NullPointerException: Cannot invoke "com.aventstack.extentreports.ExtentReports.createTest(String)" because "com.redbus.test.RedBusHomeTest.extent" is null
at com.redbus.test.RedBusHomeTest.verifyHomePageDeafault(RedBusHomeTest.java:18)
at java.base/java.util.concurrent.ThreadPoolExecutor.runWorker(ThreadPoolExecutor.java:1136)
at java.base/java.util.concurrent.ThreadPoolExecutor$Worker.run(ThreadPoolExecutor.java:635)
at java.base/java.lang.Thread.run(Thread.java:840)
... Removed 12 stack frames]]>
    </failure>
  </testcase> <!-- verifyHomePageDeafault -->
  <testcase classname="com.redbus.test.RedBusHomeTest" name="verifyTrainPage" time="0.002">
    <failure type="java.lang.NullPointerException" message="Cannot invoke &amp;quot;com.aventstack.extentreports.ExtentReports.createTest(String)&amp;quot; because &amp;quot;com.redbus.test.RedBusHomeTest.extent&amp;quot; is null">
      <![CDATA[java.lang.NullPointerException: Cannot invoke "com.aventstack.extentreports.ExtentReports.createTest(String)" because "com.redbus.test.RedBusHomeTest.extent" is null
at com.redbus.test.RedBusHomeTest.verifyTrainPage(RedBusHomeTest.java:30)
at java.base/java.util.concurrent.ThreadPoolExecutor.runWorker(ThreadPoolExecutor.java:1136)
at java.base/java.util.concurrent.ThreadPoolExecutor$Worker.run(ThreadPoolExecutor.java:635)
at java.base/java.lang.Thread.run(Thread.java:840)
... Removed 12 stack frames]]>
    </failure>
  </testcase> <!-- verifyTrainPage -->
  <testcase classname="com.redbus.test.RedBusSearchBusTest" name="invalidSearch" time="0.001">
    <failure type="java.lang.NullPointerException" message="Cannot invoke &amp;quot;com.aventstack.extentreports.ExtentReports.createTest(String)&amp;quot; because &amp;quot;com.redbus.test.RedBusSearchBusTest.extent&amp;quot; is null">
      <![CDATA[java.lang.NullPointerException: Cannot invoke "com.aventstack.extentreports.ExtentReports.createTest(String)" because "com.redbus.test.RedBusSearchBusTest.extent" is null
at com.redbus.test.RedBusSearchBusTest.invalidSearch(RedBusSearchBusTest.java:52)
at java.base/java.util.concurrent.ThreadPoolExecutor.runWorker(ThreadPoolExecutor.java:1136)
at java.base/java.util.concurrent.ThreadPoolExecutor$Worker.run(ThreadPoolExecutor.java:635)
at java.base/java.lang.Thread.run(Thread.java:840)
... Removed 12 stack frames]]>
    </failure>
  </testcase> <!-- invalidSearch -->
  <testcase classname="com.redbus.test.RedBusSearchBusTest" name="invalidSearch" time="0.002">
    <failure type="java.lang.NullPointerException" message="Cannot invoke &amp;quot;com.aventstack.extentreports.ExtentReports.createTest(String)&amp;quot; because &amp;quot;com.redbus.test.RedBusSearchBusTest.extent&amp;quot; is null">
      <![CDATA[java.lang.NullPointerException: Cannot invoke "com.aventstack.extentreports.ExtentReports.createTest(String)" because "com.redbus.test.RedBusSearchBusTest.extent" is null
at com.redbus.test.RedBusSearchBusTest.invalidSearch(RedBusSearchBusTest.java:52)
at java.base/java.util.concurrent.ThreadPoolExecutor.runWorker(ThreadPoolExecutor.java:1136)
at java.base/java.util.concurrent.ThreadPoolExecutor$Worker.run(ThreadPoolExecutor.java:635)
at java.base/java.lang.Thread.run(Thread.java:840)
... Removed 12 stack frames]]>
    </failure>
  </testcase> <!-- invalidSearch -->
  <testcase classname="com.redbus.test.RedBusSearchBusTest" name="validSearch" time="0.002">
    <failure type="java.lang.NullPointerException" message="Cannot invoke &amp;quot;com.aventstack.extentreports.ExtentReports.createTest(String)&amp;quot; because &amp;quot;com.redbus.test.RedBusSearchBusTest.extent&amp;quot; is null">
      <![CDATA[java.lang.NullPointerException: Cannot invoke "com.aventstack.extentreports.ExtentReports.createTest(String)" because "com.redbus.test.RedBusSearchBusTest.extent" is null
at com.redbus.test.RedBusSearchBusTest.validSearch(RedBusSearchBusTest.java:29)
at java.base/java.util.concurrent.ThreadPoolExecutor.runWorker(ThreadPoolExecutor.java:1136)
at java.base/java.util.concurrent.ThreadPoolExecutor$Worker.run(ThreadPoolExecutor.java:635)
at java.base/java.lang.Thread.run(Thread.java:840)
... Removed 12 stack frames]]>
    </failure>
  </testcase> <!-- validSearch -->
  <testcase classname="com.redbus.test.RedBusSearchBusTest" name="validSearch" time="0.002">
    <failure type="java.lang.NullPointerException" message="Cannot invoke &amp;quot;com.aventstack.extentreports.ExtentReports.createTest(String)&amp;quot; because &amp;quot;com.redbus.test.RedBusSearchBusTest.extent&amp;quot; is null">
      <![CDATA[java.lang.NullPointerException: Cannot invoke "com.aventstack.extentreports.ExtentReports.createTest(String)" because "com.redbus.test.RedBusSearchBusTest.extent" is null
at com.redbus.test.RedBusSearchBusTest.validSearch(RedBusSearchBusTest.java:29)
at java.base/java.util.concurrent.ThreadPoolExecutor.runWorker(ThreadPoolExecutor.java:1136)
at java.base/java.util.concurrent.ThreadPoolExecutor$Worker.run(ThreadPoolExecutor.java:635)
at java.base/java.lang.Thread.run(Thread.java:840)
... Removed 12 stack frames]]>
    </failure>
  </testcase> <!-- validSearch -->
  <testcase classname="com.redbus.test.RedBusHomeTest" name="verifyNaviagteToHomePageRedBusLogo" time="0.0">
    <ignored/>
  </testcase> <!-- verifyNaviagteToHomePageRedBusLogo -->
  <testcase classname="com.redbus.test.RedBusHomeTest" name="verifyNaviagteToHomePageBreadcrumb" time="0.0">
    <ignored/>
  </testcase> <!-- verifyNaviagteToHomePageBreadcrumb -->
</testsuite> <!-- RedBus Tests -->
