<?xml version="1.0" encoding="UTF-8"?>
<!-- Generated by org.testng.reporters.JUnitXMLReporter -->
<testsuite ignored="0" hostname="IN-PG02P68M" failures="0" tests="4" name="Test" time="60.134" errors="0" timestamp="2024-04-21T18:53:09 IST">
  <testcase classname="com.redbus.test.RedBusSearchBusTest" name="invalidSearch" time="8.928"/>
  <testcase classname="com.redbus.test.RedBusSearchBusTest" name="invalidSearch" time="8.977"/>
  <testcase classname="com.redbus.test.RedBusSearchBusTest" name="validSearch" time="9.703"/>
  <testcase classname="com.redbus.test.RedBusSearchBusTest" name="validSearch" time="12.064"/>
</testsuite> <!-- Test -->
